<html>
<body>
<pre>
<h1>µVision Build Log</h1>
<h2>Tool Versions:</h2>
IDE-Version: ¦ÌVision V5.24.2.0
Copyright (C) 2017 ARM Ltd and ARM Germany GmbH. All rights reserved.
License Information: 1 NKJ, 1, LIC=UJWP0-B93B2-CX2U6-DJV5M-NJ0CW-21622
 
Tool Versions:
Toolchain:       MDK-ARM Plus  Version: 5.24.1
Toolchain Path:  C:\Keil_v5\ARM\ARMCC\Bin
C Compiler:      Armcc.exe V5.06 update 5 (build 528)
Assembler:       Armasm.exe V5.06 update 5 (build 528)
Linker/Locator:  ArmLink.exe V5.06 update 5 (build 528)
Library Manager: ArmAr.exe V5.06 update 5 (build 528)
Hex Converter:   FromElf.exe V5.06 update 5 (build 528)
CPU DLL:         SARMCM3.DLL V5.24.1
Dialog DLL:      DARMSTM.DLL V1.68.0.0
Target DLL:      CMSIS_AGDI.dll V1.28.3.0
Dialog DLL:      TARMSTM.DLL V1.66.0.0
 
<h2>Project:</h2>
<<<<<<< HEAD
c:\Users\NKJ\OneDrive\×ÀÃæ\git\Tracking-Car\MDK-ARM\USER\test.uvprojx
=======
c:\Users\LEGION\Documents\ProjectFiles\Item\Tracking-Car\MDK-ARM\USER\test.uvprojx
>>>>>>> dev
Project File Date:  05/24/2023

<h2>Output:</h2>
*** Using Compiler 'V5.06 update 5 (build 528)', folder: 'C:\Keil_v5\ARM\ARMCC\Bin'
Build target 'Target 1'
<<<<<<< HEAD
compiling usart.c...
..\Drivers\SYS\Src\usart.c(4): error:  #20: identifier "u32" is undefined
  void uart_init(u32 pclk2,u32 bound)
..\Drivers\SYS\Src\usart.c(4): error:  #20: identifier "u32" is undefined
  void uart_init(u32 pclk2,u32 bound)
..\Drivers\SYS\Src\usart.c(7): error:  #20: identifier "u16" is undefined
  	u16 mantissa;
..\Drivers\SYS\Src\usart.c(8): error:  #20: identifier "u16" is undefined
  	u16 fraction;	   
..\Drivers\SYS\Src\usart.c(14): error:  #20: identifier "RCC" is undefined
  	RCC->APB2ENR|=1<<2;   //ä½¿èƒ½PORTAå£æ—¶é’?  
..\Drivers\SYS\Src\usart.c(16): error:  #20: identifier "GPIOA" is undefined
  	GPIOA->CRH&=0XFFFFF00F;//IOçŠ¶æ€è®¾ç½?
..\Drivers\SYS\Src\usart.c(21): error:  #20: identifier "USART1" is undefined
   	USART1->BRR=mantissa; // æ³¢ç‰¹çŽ‡è®¾ç½?	 
..\Drivers\SYS\Src\usart.c(27): warning:  #1-D: last line of file ends without a newline
  #endif
..\Drivers\SYS\Src\usart.c(27): error: At end of source:  #67: expected a "}"
..\Drivers\SYS\Src\usart.c: 1 warning, 8 errors
compiling Tracking.c...
"..\OBJ\test.axf" - 8 Error(s), 1 Warning(s).
=======
compiling Control.c...
linking...
Program Size: Code=748 RO-data=336 RW-data=4 ZI-data=1124  
FromELF: creating hex file...
"..\OBJ\test.axf" - 0 Error(s), 0 Warning(s).
>>>>>>> dev

<h2>Software Packages used:</h2>

Package Vendor: Keil
                http://www.keil.com/pack/Keil.STM32F1xx_DFP.2.2.0.pack
                Keil.STM32F1xx_DFP.2.2.0
                STMicroelectronics STM32F1 Series Device Support, Drivers and Examples

<h2>Collection of Component include folders:</h2>
  .\RTE\_Target_1
  C:\Keil_v5\ARM\PACK\Keil\STM32F1xx_DFP\2.2.0\Device\Include

<h2>Collection of Component Files used:</h2>
<<<<<<< HEAD
Target not created.
Build Time Elapsed:  00:00:00
=======
Build Time Elapsed:  00:00:01
>>>>>>> dev
</pre>
</body>
</html>
